<?xml version="1.0" encoding="UTF-8"?>
<!-- Generated by org.testng.reporters.JUnitReportReporter -->
<testsuite hostname="DESKTOP-0V9GP84" name="basics.Google" tests="2" failures="0" timestamp="4 Dec 2020 14:48:55 GMT" time="0.030" errors="0">
  <testcase name="verifyUrl" time="0.011" classname="basics.Google"/>
  <testcase name="verifyTitle" time="0.019" classname="basics.Google"/>
</testsuite> <!-- basics.Google -->
