<?xml version="1.0" encoding="UTF-8"?>
<!-- Generated by org.testng.reporters.JUnitReportReporter -->
<testsuite hostname="DESKTOP-0V9GP84" name="basics.Fb" tests="2" failures="0" timestamp="4 Dec 2020 14:48:55 GMT" time="0.067" errors="0">
  <testcase name="verifyTitle" time="0.016" classname="basics.Fb"/>
  <testcase name="verifyUrl" time="0.051" classname="basics.Fb"/>
</testsuite> <!-- basics.Fb -->
