<?xml version="1.0" encoding="UTF-8"?>
<!-- Generated by org.testng.reporters.JUnitReportReporter -->
<testsuite skipped="2" hostname="DESKTOP-0V9GP84" name="basics.Google" tests="2" failures="0" timestamp="2020-12-11T20:03:02 IST" time="0.000" errors="0">
  <testcase name="verifyTitle" time="0.000" classname="basics.Google">
    <skipped/>
  </testcase> <!-- verifyTitle -->
  <system-out/>
  <testcase name="verifyUrl" time="0.000" classname="basics.Google">
    <skipped/>
  </testcase> <!-- verifyUrl -->
  <system-out/>
</testsuite> <!-- basics.Google -->
